<?xml version="1.0" encoding="UTF-8"?>
<testsuite xmlns:xsi="http://www.w3.org/2001/XMLSchema-instance" xsi:noNamespaceSchemaLocation="https://maven.apache.org/surefire/maven-surefire-plugin/xsd/surefire-test-report.xsd" version="3.0.1" name="com.example.calculadora.CalculadoraServiceTest" time="0.047" tests="1" errors="0" skipped="0" failures="0">
  <properties>
[...]
</properties>
  <testcase name="testExecucaoCompleta" classname="com.example.calculadora.CalculadoraServiceTest" time="0.031">
    <system-out><![CDATA[Valor A: 10.0
Valor B: 2.0
Soma: 12.0
Subtração: 8.0
Multiplicação: 20.0
Divisão: 5.0
Potência: 100.0
Raiz quadrada de A: 3.1622776601683795
]]></system-out>
  </testcase>
</testsuite>